<?xml version="1.0" encoding="UTF-8"?>
<!-- Generated by org.testng.reporters.JUnitXMLReporter -->
<testsuite ignored="10" hostname="DESKTOP-8UTBN9F" failures="0" tests="1" name="Default test" time="18.745" errors="0" timestamp="2024-12-10T21:42:34 EET">
  <testcase classname="automation_practice.My_test_case_automation_practice" name="mouse_huver" time="0.405"/>
  <testcase classname="automation_practice.My_test_case_automation_practice" name="dynamic_drop_down" time="0.0">
    <ignored/>
  </testcase> <!-- dynamic_drop_down -->
  <testcase classname="automation_practice.My_test_case_automation_practice" name="radio_buttons" time="0.0">
    <ignored/>
  </testcase> <!-- radio_buttons -->
  <testcase classname="automation_practice.My_test_case_automation_practice" name="check_box" time="0.0">
    <ignored/>
  </testcase> <!-- check_box -->
  <testcase classname="automation_practice.My_test_case_automation_practice" name="openwindow" time="0.0">
    <ignored/>
  </testcase> <!-- openwindow -->
  <testcase classname="automation_practice.My_test_case_automation_practice" name="Table" time="0.0">
    <ignored/>
  </testcase> <!-- Table -->
  <testcase classname="automation_practice.My_test_case_automation_practice" name="Select_roll" time="0.0">
    <ignored/>
  </testcase> <!-- Select_roll -->
  <testcase classname="automation_practice.My_test_case_automation_practice" name="Element_Displayed" time="0.0">
    <ignored/>
  </testcase> <!-- Element_Displayed -->
  <testcase classname="automation_practice.My_test_case_automation_practice" name="opentab" time="0.0">
    <ignored/>
  </testcase> <!-- opentab -->
  <testcase classname="automation_practice.My_test_case_automation_practice" name="confirmbtn" time="0.0">
    <ignored/>
  </testcase> <!-- confirmbtn -->
  <testcase classname="automation_practice.My_test_case_automation_practice" name="alertbtn" time="0.0">
    <ignored/>
  </testcase> <!-- alertbtn -->
</testsuite> <!-- Default test -->
