<?xml version="1.0" encoding="UTF-8"?>
<!-- Generated by org.testng.reporters.JUnitXMLReporter -->
<testsuite ignored="1" hostname="DESKTOP-8UTBN9F" failures="0" tests="2" name="Default test" time="13.61" errors="0" timestamp="2024-11-24T19:03:25 EET">
  <testcase classname="automation_practice.My_test_case_automation_practice" name="dynamic_drop_down" time="1.329"/>
  <testcase classname="automation_practice.My_test_case_automation_practice" name="Select_roll" time="0.38"/>
  <testcase classname="automation_practice.My_test_case_automation_practice" name="radio_buttons" time="0.0">
    <ignored/>
  </testcase> <!-- radio_buttons -->
</testsuite> <!-- Default test -->
