<?xml version="1.0" encoding="UTF-8"?>
<testng-results ignored="10" total="11" passed="1" failed="0" skipped="0">
  <reporter-output>
  </reporter-output>
  <suite started-at="2024-12-10T21:42:15 EET" name="Default suite" finished-at="2024-12-10T21:42:33 EET" duration-ms="18745">
    <groups>
    </groups>
    <test started-at="2024-12-10T21:42:15 EET" name="Default test" finished-at="2024-12-10T21:42:33 EET" duration-ms="18745">
      <class name="automation_practice.My_test_case_automation_practice">
        <test-method is-config="true" signature="MySetup()[pri:0, instance:automation_practice.My_test_case_automation_practice@39a8312f]" started-at="2024-12-10T21:42:15 EET" name="MySetup" finished-at="2024-12-10T21:42:33 EET" duration-ms="18279" status="PASS">
          <reporter-output>
          </reporter-output>
        </test-method> <!-- MySetup -->
        <test-method signature="mouse_huver()[pri:11, instance:automation_practice.My_test_case_automation_practice@39a8312f]" started-at="2024-12-10T21:42:33 EET" name="mouse_huver" finished-at="2024-12-10T21:42:33 EET" duration-ms="405" status="PASS">
          <reporter-output>
          </reporter-output>
        </test-method> <!-- mouse_huver -->
      </class> <!-- automation_practice.My_test_case_automation_practice -->
    </test> <!-- Default test -->
  </suite> <!-- Default suite -->
</testng-results>
