<?xml version="1.0" encoding="UTF-8"?>
<testng-results ignored="1" total="3" passed="2" failed="0" skipped="0">
  <reporter-output>
  </reporter-output>
  <suite started-at="2024-11-24T19:03:11 EET" name="Default suite" finished-at="2024-11-24T19:03:25 EET" duration-ms="13610">
    <groups>
    </groups>
    <test started-at="2024-11-24T19:03:11 EET" name="Default test" finished-at="2024-11-24T19:03:25 EET" duration-ms="13610">
      <class name="automation_practice.My_test_case_automation_practice">
        <test-method is-config="true" signature="MySetup()[pri:0, instance:automation_practice.My_test_case_automation_practice@1b765a2c]" started-at="2024-11-24T19:03:11 EET" name="MySetup" finished-at="2024-11-24T19:03:23 EET" duration-ms="11846" status="PASS">
          <reporter-output>
          </reporter-output>
        </test-method> <!-- MySetup -->
        <test-method signature="dynamic_drop_down()[pri:2, instance:automation_practice.My_test_case_automation_practice@1b765a2c]" started-at="2024-11-24T19:03:23 EET" name="dynamic_drop_down" finished-at="2024-11-24T19:03:24 EET" duration-ms="1329" status="PASS">
          <reporter-output>
          </reporter-output>
        </test-method> <!-- dynamic_drop_down -->
        <test-method signature="Select_roll()[pri:3, instance:automation_practice.My_test_case_automation_practice@1b765a2c]" started-at="2024-11-24T19:03:24 EET" name="Select_roll" finished-at="2024-11-24T19:03:25 EET" duration-ms="380" status="PASS">
          <reporter-output>
          </reporter-output>
        </test-method> <!-- Select_roll -->
      </class> <!-- automation_practice.My_test_case_automation_practice -->
    </test> <!-- Default test -->
  </suite> <!-- Default suite -->
</testng-results>
